#
# A fatal error has been detected by the Java Runtime Environment:
#
#  SIGSEGV (0xb) at pc=0x0000000100cd4594, pid=2621, tid=0x0000000000004303
#
# JRE version: Java(TM) SE Runtime Environment (8.0_101-b13) (build 1.8.0_101-b13)
# Java VM: Java HotSpot(TM) 64-Bit Server VM (25.101-b13 mixed mode bsd-amd64 compressed oops)
# Problematic frame:
# V  [libjvm.dylib+0x44c594]
#
# Failed to write core dump. Core dumps have been disabled. To enable core dumping, try "ulimit -c unlimited" before starting Java again
#
# If you would like to submit a bug report, please visit:
#   http://bugreport.java.com/bugreport/crash.jsp
#

---------------  T H R E A D  ---------------

Current thread (0x00007fa57706e800):  JavaThread "JDWP Transport Listener: dt_socket" daemon [_thread_in_vm, id=17155, stack(0x0000700008ba9000,0x0000700008ca9000)]

siginfo: si_signo: 11 (SIGSEGV), si_code: 0 (unknown), si_addr: 0x0000000000000000

Registers:
RAX=0x0000000000000001, RBX=0x0000700008ca8a8b, RCX=0x00000001010a7360, RDX=0x0000700008ca8a8b
RSP=0x0000700008ca89d0, RBP=0x0000700008ca89e0, RSI=0x00007fa57706e800, RDI=0x303465646f637465
R8 =0x0000000000000006, R9 =0x00007fa576e1b990, R10=0x0000000000000001, R11=0x0000000000000007
R12=0x00007fa57706e800, R13=0x303465646f637465, R14=0x303465646f637465, R15=0x00007fa576e01e30
RIP=0x0000000100cd4594, EFLAGS=0x0000000000010206, ERR=0x0000000000000000
  TRAPNO=0x000000000000000d

Top of Stack: (sp=0x0000700008ca89d0)
0x0000700008ca89d0:   0000700008ca8a8b 0000700008ca8a8b
0x0000700008ca89e0:   0000700008ca8a40 0000000100be00d2
0x0000700008ca89f0:   00007fa57706e800 0000000000000000
0x0000700008ca8a00:   0000000000000000 0000000000000000
0x0000700008ca8a10:   00007fa57706e800 00007fa57706e800
0x0000700008ca8a20:   0000700008ca8a8b 0000700008ca8a90
0x0000700008ca8a30:   303465646f637465 0000000000000026
0x0000700008ca8a40:   0000700008ca8a60 0000000101889780
0x0000700008ca8a50:   0000000000000001 0000700008ca8b08
0x0000700008ca8a60:   0000700008ca8ad0 000000010186e1f3
0x0000700008ca8a70:   0000700008ca8aa0 00007fa576e28670
0x0000700008ca8a80:   0000002700000032 f000100a01ca8b08
0x0000700008ca8a90:   0000000000000000 0000000000000000
0x0000700008ca8aa0:   0000000000000000 0000700008ca8c90
0x0000700008ca8ab0:   0000000101890e7a 00007fa576d4d990
0x0000700008ca8ac0:   0000700008ca8b08 000000010189c598
0x0000700008ca8ad0:   0000700008ca8ae0 000000010186e2ec
0x0000700008ca8ae0:   0000700008ca8d00 0000000101877898
0x0000700008ca8af0:   0000670500000013 00000000000f0200
0x0000700008ca8b00:   00007fa576d4d9b0 00007fa5778c3a28
0x0000700008ca8b10:   00007fa500000738 00007fa576e11a10
0x0000700008ca8b20:   00007fa50000012c 0000700008ca8b58
0x0000700008ca8b30:   00007fa576e11a30 0000000000000000
0x0000700008ca8b40:   0000670500000030 00007fa50000b780
0x0000700008ca8b50:   0000700008ca8b58 a57f000027000000
0x0000700008ca8b60:   0600000080b1e176 00003e74696e693c
0x0000700008ca8b70:   0000005629280300 7f00000100000000
0x0000700008ca8b80:   000000f0b1e176a5 697274536464610a
0x0000700008ca8b90:   283800000073676e 616c2f6176616a4c
0x0000700008ca8ba0:   6e697274532f676e 2f6176616a4c3b67
0x0000700008ca8bb0:   7274532f676e616c 616a4c293b676e69
0x0000700008ca8bc0:   2f676e616c2f6176 003b676e69727453 

Instructions: (pc=0x0000000100cd4594)
0x0000000100cd4574:   40 48 48 85 c0 75 e0 30 c0 0f b6 c0 5d c3 31 c0
0x0000000100cd4584:   5d c3 55 48 89 e5 53 48 83 ec 08 48 85 ff 74 24
0x0000000100cd4594:   48 8b 1f 48 85 db 74 1c 48 83 fb 37 74 16 48 8b
0x0000000100cd45a4:   03 48 89 df ff 50 10 84 c0 b8 00 00 00 00 48 0f 

Register to memory mapping:

RAX=0x0000000000000001 is an unknown value
RBX=0x0000700008ca8a8b is pointing into the stack for thread: 0x00007fa57706e800
RCX=0x00000001010a7360: UseMembar+0 in /Library/Java/JavaVirtualMachines/jdk1.8.0_101.jdk/Contents/Home/jre/lib/server/libjvm.dylib at 0x0000000100888000
RDX=0x0000700008ca8a8b is pointing into the stack for thread: 0x00007fa57706e800
RSP=0x0000700008ca89d0 is pointing into the stack for thread: 0x00007fa57706e800
RBP=0x0000700008ca89e0 is pointing into the stack for thread: 0x00007fa57706e800
RSI=0x00007fa57706e800 is a thread
RDI=0x303465646f637465 is an unknown value
R8 =0x0000000000000006 is an unknown value
R9 =0x00007fa576e1b990 is an unknown value
R10=0x0000000000000001 is an unknown value
R11=0x0000000000000007 is an unknown value
R12=0x00007fa57706e800 is a thread
R13=0x303465646f637465 is an unknown value
R14=0x303465646f637465 is an unknown value
R15=0x00007fa576e01e30 is an unknown value


Stack: [0x0000700008ba9000,0x0000700008ca9000],  sp=0x0000700008ca89d0,  free space=1022k
Native frames: (J=compiled Java code, j=interpreted, Vv=VM code, C=native code)
V  [libjvm.dylib+0x44c594]
V  [libjvm.dylib+0x3580d2]
C  [libjdwp.dylib+0x20780]  isMethodSynthetic+0x63
C  [libjdwp.dylib+0x51f3]  methods1+0x10b
C  [libjdwp.dylib+0x52ec]  methodsWithGeneric+0xe
C  [libjdwp.dylib+0xe898]  debugLoop_run+0x1ce
C  [libjdwp.dylib+0x1f6ba]  attachThread+0x4d
V  [libjvm.dylib+0x399438]
V  [libjvm.dylib+0x5695ab]
V  [libjvm.dylib+0x56ac98]
V  [libjvm.dylib+0x48933a]
C  [libsystem_pthread.dylib+0x393b]  _pthread_body+0xb4
C  [libsystem_pthread.dylib+0x3887]  _pthread_body+0x0
C  [libsystem_pthread.dylib+0x308d]  thread_start+0xd
C  0x0000000000000000


---------------  P R O C E S S  ---------------

Java Threads: ( => current thread )
  0x00007fa5778d0800 JavaThread "Service Thread" daemon [_thread_blocked, id=20227, stack(0x00007000091bb000,0x00007000092bb000)]
  0x00007fa5778ad000 JavaThread "C1 CompilerThread2" daemon [_thread_blocked, id=19715, stack(0x00007000090b8000,0x00007000091b8000)]
  0x00007fa577094000 JavaThread "C2 CompilerThread1" daemon [_thread_blocked, id=19203, stack(0x0000700008fb5000,0x00007000090b5000)]
  0x00007fa577846800 JavaThread "C2 CompilerThread0" daemon [_thread_blocked, id=18691, stack(0x0000700008eb2000,0x0000700008fb2000)]
  0x00007fa578821000 JavaThread "JDWP Command Reader" daemon [_thread_in_native, id=18179, stack(0x0000700008daf000,0x0000700008eaf000)]
  0x00007fa578822000 JavaThread "JDWP Event Helper Thread" daemon [_thread_blocked, id=17667, stack(0x0000700008cac000,0x0000700008dac000)]
=>0x00007fa57706e800 JavaThread "JDWP Transport Listener: dt_socket" daemon [_thread_in_vm, id=17155, stack(0x0000700008ba9000,0x0000700008ca9000)]
  0x00007fa57784c800 JavaThread "Signal Dispatcher" daemon [_thread_blocked, id=16643, stack(0x0000700008aa6000,0x0000700008ba6000)]
  0x00007fa577032800 JavaThread "Finalizer" daemon [_thread_blocked, id=12547, stack(0x00007000089a3000,0x0000700008aa3000)]
  0x00007fa57702f800 JavaThread "Reference Handler" daemon [_thread_blocked, id=12035, stack(0x00007000088a0000,0x00007000089a0000)]
  0x00007fa57780b000 JavaThread "main" [_thread_blocked, id=7171, stack(0x000070000828e000,0x000070000838e000)]

Other Threads:
  0x00007fa578007800 VMThread [stack: 0x000070000879d000,0x000070000889d000] [id=11523]
  0x00007fa577037800 WatcherThread [stack: 0x00007000092be000,0x00007000093be000] [id=20739]

VM state:not at safepoint (normal execution)

VM Mutex/Monitor currently owned by a thread: None

Heap:
 PSYoungGen      total 38400K, used 5329K [0x0000000795580000, 0x0000000798000000, 0x00000007c0000000)
  eden space 33280K, 16% used [0x0000000795580000,0x0000000795ab4438,0x0000000797600000)
  from space 5120K, 0% used [0x0000000797b00000,0x0000000797b00000,0x0000000798000000)
  to   space 5120K, 0% used [0x0000000797600000,0x0000000797600000,0x0000000797b00000)
 ParOldGen       total 87552K, used 0K [0x0000000740000000, 0x0000000745580000, 0x0000000795580000)
  object space 87552K, 0% used [0x0000000740000000,0x0000000740000000,0x0000000745580000)
 Metaspace       used 4124K, capacity 4940K, committed 5120K, reserved 1056768K
  class space    used 435K, capacity 496K, committed 512K, reserved 1048576K

Card table byte_map: [0x0000000111800000,0x0000000111c01000] byte_map_base: 0x000000010de00000

Marking Bits: (ParMarkBitMap*) 0x0000000101175d20
 Begin Bits: [0x0000000111eac000, 0x0000000113eac000)
 End Bits:   [0x0000000113eac000, 0x0000000115eac000)

Polling page: 0x0000000101868000

CodeCache: size=245760Kb used=1548Kb max_used=1548Kb free=244211Kb
 bounds [0x0000000102800000, 0x0000000102a70000, 0x0000000111800000]
 total_blobs=506 nmethods=247 adapters=181
 compilation: enabled

Compilation events (10 events):
Event: 0.422 Thread 0x00007fa5778ad000  243       3       jdk.internal.org.objectweb.asm.ByteVector::<init> (13 bytes)
Event: 0.422 Thread 0x00007fa5778ad000 nmethod 243 0x00000001029818d0 code [0x0000000102981a40, 0x0000000102981c90]
Event: 0.423 Thread 0x00007fa5778ad000  244       3       jdk.internal.org.objectweb.asm.ByteVector::putByteArray (49 bytes)
Event: 0.423 Thread 0x00007fa5778ad000 nmethod 244 0x0000000102981d50 code [0x0000000102981ee0, 0x0000000102982218]
Event: 0.426 Thread 0x00007fa5778ad000  245       3       jdk.internal.org.objectweb.asm.ByteVector::enlarge (51 bytes)
Event: 0.427 Thread 0x00007fa5778ad000 nmethod 245 0x0000000102982310 code [0x0000000102982480, 0x00000001029827a8]
Event: 2095.525 Thread 0x00007fa5778ad000  246       3       com.intellij.rt.debugger.agent.CaptureAgent::access$200 (5 bytes)
Event: 2095.525 Thread 0x00007fa5778ad000 nmethod 246 0x0000000102982e90 code [0x0000000102983000, 0x0000000102983250]
Event: 2095.525 Thread 0x00007fa5778ad000  247       3       com.intellij.rt.debugger.agent.CaptureAgent::getNotNull (12 bytes)
Event: 2095.525 Thread 0x00007fa5778ad000 nmethod 247 0x0000000102983350 code [0x00000001029834c0, 0x00000001029836b0]

GC Heap History (0 events):
No events

Deoptimization events (0 events):
No events

Internal exceptions (4 events):
Event: 0.046 Thread 0x00007fa57780b000 Exception <a 'java/lang/NoSuchMethodError': Method sun.misc.Unsafe.defineClass(Ljava/lang/String;[BII)Ljava/lang/Class; name or signature does not match> (0x0000000795587cc0) thrown at [/HUDSON3/workspace/8-2-build-macosx-x86_64/jdk8u101/7261/hotspot/src/
Event: 0.046 Thread 0x00007fa57780b000 Exception <a 'java/lang/NoSuchMethodError': Method sun.misc.Unsafe.prefetchRead(Ljava/lang/Object;J)V name or signature does not match> (0x0000000795587fa8) thrown at [/HUDSON3/workspace/8-2-build-macosx-x86_64/jdk8u101/7261/hotspot/src/share/vm/prims/jni
Event: 0.379 Thread 0x00007fa57780b000 Exception <a 'java/lang/NoSuchFieldError': method resolution failed> (0x00000007959b8e38) thrown at [/HUDSON3/workspace/8-2-build-macosx-x86_64/jdk8u101/7261/hotspot/src/share/vm/prims/methodHandles.cpp, line 1146]
Event: 0.382 Thread 0x00007fa57780b000 Exception <a 'java/lang/NoSuchFieldError': method resolution failed> (0x00000007959c6ce0) thrown at [/HUDSON3/workspace/8-2-build-macosx-x86_64/jdk8u101/7261/hotspot/src/share/vm/prims/methodHandles.cpp, line 1146]

Events (10 events):
Event: 2203.835 Executing VM operation: GetOrSetLocal
Event: 2203.835 Executing VM operation: GetOrSetLocal done
Event: 2203.835 Executing VM operation: GetOrSetLocal
Event: 2203.835 Executing VM operation: GetOrSetLocal done
Event: 2303.732 Executing VM operation: ChangeBreakpoints
Event: 2303.732 Executing VM operation: ChangeBreakpoints done
Event: 10142.416 Executing VM operation: ChangeBreakpoints
Event: 10142.416 Executing VM operation: ChangeBreakpoints done
Event: 10142.426 Executing VM operation: RedefineClasses
Event: 10142.429 Executing VM operation: RedefineClasses done


Dynamic libraries:
0x00000000144a3000 	/System/Library/Frameworks/Cocoa.framework/Versions/A/Cocoa
0x00000000144a3000 	/System/Library/Frameworks/Security.framework/Versions/A/Security
0x00000000144a3000 	/System/Library/Frameworks/ApplicationServices.framework/Versions/A/ApplicationServices
0x00000000144a3000 	/usr/lib/libz.1.dylib
0x00000000144a3000 	/usr/lib/libSystem.B.dylib
0x00000000144a3000 	/usr/lib/libobjc.A.dylib
0x00000000144a3000 	/System/Library/Frameworks/CoreFoundation.framework/Versions/A/CoreFoundation
0x00000000144a3000 	/System/Library/Frameworks/Foundation.framework/Versions/C/Foundation
0x00000000144a3000 	/System/Library/Frameworks/AppKit.framework/Versions/C/AppKit
0x00000000144a3000 	/System/Library/Frameworks/CoreData.framework/Versions/A/CoreData
0x00000000144a3000 	/System/Library/PrivateFrameworks/RemoteViewServices.framework/Versions/A/RemoteViewServices
0x00000000144a3000 	/System/Library/PrivateFrameworks/UIFoundation.framework/Versions/A/UIFoundation
0x00000000144a3000 	/System/Library/PrivateFrameworks/DFRFoundation.framework/Versions/A/DFRFoundation
0x00000000144a3000 	/usr/lib/libenergytrace.dylib
0x00000000144a3000 	/System/Library/PrivateFrameworks/SkyLight.framework/Versions/A/SkyLight
0x00000000144a3000 	/System/Library/Frameworks/CoreGraphics.framework/Versions/A/CoreGraphics
0x00000000144a3000 	/usr/lib/libScreenReader.dylib
0x00000000144a3000 	/System/Library/Frameworks/Accelerate.framework/Versions/A/Accelerate
0x00000000144a3000 	/System/Library/Frameworks/IOSurface.framework/Versions/A/IOSurface
0x00000000144a3000 	/System/Library/Frameworks/AudioToolbox.framework/Versions/A/AudioToolbox
0x00000000144a3000 	/System/Library/Frameworks/AudioUnit.framework/Versions/A/AudioUnit
0x00000000144a3000 	/System/Library/PrivateFrameworks/DataDetectorsCore.framework/Versions/A/DataDetectorsCore
0x00000000144a3000 	/System/Library/PrivateFrameworks/DesktopServicesPriv.framework/Versions/A/DesktopServicesPriv
0x00000000144a3000 	/System/Library/Frameworks/Carbon.framework/Versions/A/Frameworks/HIToolbox.framework/Versions/A/HIToolbox
0x00000000144a3000 	/usr/lib/libicucore.A.dylib
0x00000000144a3000 	/System/Library/Frameworks/QuartzCore.framework/Versions/A/QuartzCore
0x00000000144a3000 	/System/Library/Frameworks/Carbon.framework/Versions/A/Frameworks/SpeechRecognition.framework/Versions/A/SpeechRecognition
0x00000000144a3000 	/usr/lib/libauto.dylib
0x00000000144a3000 	/usr/lib/libxml2.2.dylib
0x00000000144a3000 	/System/Library/PrivateFrameworks/CoreUI.framework/Versions/A/CoreUI
0x00000000144a3000 	/System/Library/Frameworks/CoreAudio.framework/Versions/A/CoreAudio
0x00000000144a3000 	/System/Library/Frameworks/DiskArbitration.framework/Versions/A/DiskArbitration
0x00000000144a3000 	/usr/lib/liblangid.dylib
0x00000000144a3000 	/System/Library/PrivateFrameworks/MultitouchSupport.framework/Versions/A/MultitouchSupport
0x00000000144a3000 	/System/Library/Frameworks/IOKit.framework/Versions/A/IOKit
0x00000000144a3000 	/usr/lib/libDiagnosticMessagesClient.dylib
0x00000000144a3000 	/System/Library/Frameworks/CoreServices.framework/Versions/A/CoreServices
0x00000000144a3000 	/System/Library/PrivateFrameworks/PerformanceAnalysis.framework/Versions/A/PerformanceAnalysis
0x00000000144a3000 	/System/Library/PrivateFrameworks/GenerationalStorage.framework/Versions/A/GenerationalStorage
0x00000000144a3000 	/System/Library/Frameworks/OpenGL.framework/Versions/A/OpenGL
0x00000000144a3000 	/System/Library/Frameworks/CoreImage.framework/Versions/A/CoreImage
0x00000000144a3000 	/System/Library/Frameworks/CoreText.framework/Versions/A/CoreText
0x00000000144a3000 	/System/Library/Frameworks/ImageIO.framework/Versions/A/ImageIO
0x00000000144a3000 	/System/Library/PrivateFrameworks/Backup.framework/Versions/A/Backup
0x00000000144a3000 	/usr/lib/libarchive.2.dylib
0x00000000144a3000 	/System/Library/Frameworks/CFNetwork.framework/Versions/A/CFNetwork
0x00000000144a3000 	/System/Library/Frameworks/SystemConfiguration.framework/Versions/A/SystemConfiguration
0x00000000144a3000 	/usr/lib/libCRFSuite.dylib
0x00000000144a3000 	/usr/lib/libc++.1.dylib
0x00000000144a3000 	/usr/lib/libc++abi.dylib
0x00000000144a3000 	/usr/lib/system/libcache.dylib
0x00000000144a3000 	/usr/lib/system/libcommonCrypto.dylib
0x00000000144a3000 	/usr/lib/system/libcompiler_rt.dylib
0x00000000144a3000 	/usr/lib/system/libcopyfile.dylib
0x00000000144a3000 	/usr/lib/system/libcorecrypto.dylib
0x00000000144a3000 	/usr/lib/system/libdispatch.dylib
0x00000000144a3000 	/usr/lib/system/libdyld.dylib
0x00000000144a3000 	/usr/lib/system/libkeymgr.dylib
0x00000000144a3000 	/usr/lib/system/liblaunch.dylib
0x00000000144a3000 	/usr/lib/system/libmacho.dylib
0x00000000144a3000 	/usr/lib/system/libquarantine.dylib
0x00000000144a3000 	/usr/lib/system/libremovefile.dylib
0x00000000144a3000 	/usr/lib/system/libsystem_asl.dylib
0x00000000144a3000 	/usr/lib/system/libsystem_blocks.dylib
0x00000000144a3000 	/usr/lib/system/libsystem_c.dylib
0x00000000144a3000 	/usr/lib/system/libsystem_configuration.dylib
0x00000000144a3000 	/usr/lib/system/libsystem_coreservices.dylib
0x00000000144a3000 	/usr/lib/system/libsystem_coretls.dylib
0x00000000144a3000 	/usr/lib/system/libsystem_dnssd.dylib
0x00000000144a3000 	/usr/lib/system/libsystem_info.dylib
0x00000000144a3000 	/usr/lib/system/libsystem_kernel.dylib
0x00000000144a3000 	/usr/lib/system/libsystem_m.dylib
0x00000000144a3000 	/usr/lib/system/libsystem_malloc.dylib
0x00000000144a3000 	/usr/lib/system/libsystem_network.dylib
0x00000000144a3000 	/usr/lib/system/libsystem_networkextension.dylib
0x00000000144a3000 	/usr/lib/system/libsystem_notify.dylib
0x00000000144a3000 	/usr/lib/system/libsystem_platform.dylib
0x00000000144a3000 	/usr/lib/system/libsystem_pthread.dylib
0x00000000144a3000 	/usr/lib/system/libsystem_sandbox.dylib
0x00000000144a3000 	/usr/lib/system/libsystem_secinit.dylib
0x00000000144a3000 	/usr/lib/system/libsystem_symptoms.dylib
0x00000000144a3000 	/usr/lib/system/libsystem_trace.dylib
0x00000000144a3000 	/usr/lib/system/libunwind.dylib
0x00000000144a3000 	/usr/lib/system/libxpc.dylib
0x00000000144a3000 	/usr/lib/libbsm.0.dylib
0x00000000144a3000 	/usr/lib/system/libkxld.dylib
0x00000000144a3000 	/usr/lib/libcoretls.dylib
0x00000000144a3000 	/usr/lib/libcoretls_cfhelpers.dylib
0x00000000144a3000 	/usr/lib/libOpenScriptingUtil.dylib
0x00000000144a3000 	/usr/lib/libpam.2.dylib
0x00000000144a3000 	/usr/lib/libsqlite3.dylib
0x00000000144a3000 	/usr/lib/libxar.1.dylib
0x00000000144a3000 	/usr/lib/libbz2.1.0.dylib
0x00000000144a3000 	/usr/lib/liblzma.5.dylib
0x00000000144a3000 	/usr/lib/libnetwork.dylib
0x00000000144a3000 	/usr/lib/libpcap.A.dylib
0x00000000144a3000 	/System/Library/Frameworks/CoreServices.framework/Versions/A/Frameworks/FSEvents.framework/Versions/A/FSEvents
0x00000000144a3000 	/System/Library/Frameworks/CoreServices.framework/Versions/A/Frameworks/CarbonCore.framework/Versions/A/CarbonCore
0x00000000144a3000 	/System/Library/Frameworks/CoreServices.framework/Versions/A/Frameworks/Metadata.framework/Versions/A/Metadata
0x00000000144a3000 	/System/Library/Frameworks/CoreServices.framework/Versions/A/Frameworks/OSServices.framework/Versions/A/OSServices
0x00000000144a3000 	/System/Library/Frameworks/CoreServices.framework/Versions/A/Frameworks/SearchKit.framework/Versions/A/SearchKit
0x00000000144a3000 	/System/Library/Frameworks/CoreServices.framework/Versions/A/Frameworks/AE.framework/Versions/A/AE
0x00000000144a3000 	/System/Library/Frameworks/CoreServices.framework/Versions/A/Frameworks/LaunchServices.framework/Versions/A/LaunchServices
0x00000000144a3000 	/System/Library/Frameworks/CoreServices.framework/Versions/A/Frameworks/DictionaryServices.framework/Versions/A/DictionaryServices
0x00000000144a3000 	/System/Library/Frameworks/CoreServices.framework/Versions/A/Frameworks/SharedFileList.framework/Versions/A/SharedFileList
0x00000000144a3000 	/System/Library/Frameworks/NetFS.framework/Versions/A/NetFS
0x00000000144a3000 	/System/Library/PrivateFrameworks/NetAuth.framework/Versions/A/NetAuth
0x00000000144a3000 	/System/Library/PrivateFrameworks/login.framework/Versions/A/Frameworks/loginsupport.framework/Versions/A/loginsupport
0x00000000144a3000 	/System/Library/PrivateFrameworks/TCC.framework/Versions/A/TCC
0x00000000144a3000 	/usr/lib/libmecabra.dylib
0x00000000144a3000 	/System/Library/Frameworks/ApplicationServices.framework/Versions/A/Frameworks/ATS.framework/Versions/A/ATS
0x00000000144a3000 	/System/Library/Frameworks/ApplicationServices.framework/Versions/A/Frameworks/ColorSync.framework/Versions/A/ColorSync
0x00000000144a3000 	/System/Library/Frameworks/ApplicationServices.framework/Versions/A/Frameworks/HIServices.framework/Versions/A/HIServices
0x00000000144a3000 	/System/Library/Frameworks/ApplicationServices.framework/Versions/A/Frameworks/LangAnalysis.framework/Versions/A/LangAnalysis
0x00000000144a3000 	/System/Library/Frameworks/ApplicationServices.framework/Versions/A/Frameworks/PrintCore.framework/Versions/A/PrintCore
0x00000000144a3000 	/System/Library/Frameworks/ApplicationServices.framework/Versions/A/Frameworks/QD.framework/Versions/A/QD
0x00000000144a3000 	/System/Library/Frameworks/ApplicationServices.framework/Versions/A/Frameworks/SpeechSynthesis.framework/Versions/A/SpeechSynthesis
0x00000000144a3000 	/System/Library/Frameworks/Accelerate.framework/Versions/A/Frameworks/vImage.framework/Versions/A/vImage
0x00000000144a3000 	/System/Library/Frameworks/Accelerate.framework/Versions/A/Frameworks/vecLib.framework/Versions/A/vecLib
0x00000000144a3000 	/System/Library/Frameworks/Accelerate.framework/Versions/A/Frameworks/vecLib.framework/Versions/A/libvDSP.dylib
0x00000000144a3000 	/System/Library/Frameworks/Accelerate.framework/Versions/A/Frameworks/vecLib.framework/Versions/A/libBNNS.dylib
0x00000000144a3000 	/System/Library/Frameworks/Accelerate.framework/Versions/A/Frameworks/vecLib.framework/Versions/A/libQuadrature.dylib
0x00000000144a3000 	/System/Library/Frameworks/Accelerate.framework/Versions/A/Frameworks/vecLib.framework/Versions/A/libvMisc.dylib
0x00000000144a3000 	/System/Library/Frameworks/Accelerate.framework/Versions/A/Frameworks/vecLib.framework/Versions/A/libLAPACK.dylib
0x00000000144a3000 	/System/Library/Frameworks/Accelerate.framework/Versions/A/Frameworks/vecLib.framework/Versions/A/libBLAS.dylib
0x00000000144a3000 	/System/Library/Frameworks/Accelerate.framework/Versions/A/Frameworks/vecLib.framework/Versions/A/libLinearAlgebra.dylib
0x00000000144a3000 	/System/Library/Frameworks/Accelerate.framework/Versions/A/Frameworks/vecLib.framework/Versions/A/libSparseBLAS.dylib
0x00000000144a3000 	/System/Library/Frameworks/ApplicationServices.framework/Versions/A/Frameworks/ATS.framework/Versions/A/Resources/libFontParser.dylib
0x00000000144a3000 	/System/Library/Frameworks/ApplicationServices.framework/Versions/A/Frameworks/ATS.framework/Versions/A/Resources/libFontRegistry.dylib
0x00000000144a3000 	/System/Library/Frameworks/ImageIO.framework/Versions/A/Resources/libJPEG.dylib
0x00000000144a3000 	/System/Library/Frameworks/ImageIO.framework/Versions/A/Resources/libTIFF.dylib
0x00000000144a3000 	/System/Library/Frameworks/ImageIO.framework/Versions/A/Resources/libPng.dylib
0x00000000144a3000 	/System/Library/Frameworks/ImageIO.framework/Versions/A/Resources/libGIF.dylib
0x00000000144a3000 	/System/Library/Frameworks/ImageIO.framework/Versions/A/Resources/libJP2.dylib
0x00000000144a3000 	/System/Library/Frameworks/ImageIO.framework/Versions/A/Resources/libRadiance.dylib
0x00000000144a3000 	/usr/lib/libcompression.dylib
0x00000000144a3000 	/System/Library/PrivateFrameworks/AppleJPEG.framework/Versions/A/AppleJPEG
0x00000000144a3000 	/usr/lib/libcups.2.dylib
0x00000000144a3000 	/System/Library/Frameworks/Kerberos.framework/Versions/A/Kerberos
0x00000000144a3000 	/System/Library/Frameworks/GSS.framework/Versions/A/GSS
0x00000000144a3000 	/usr/lib/libresolv.9.dylib
0x00000000144a3000 	/usr/lib/libiconv.2.dylib
0x00000000144a3000 	/System/Library/PrivateFrameworks/Heimdal.framework/Versions/A/Heimdal
0x00000000144a3000 	/usr/lib/libheimdal-asn1.dylib
0x00000000144a3000 	/System/Library/Frameworks/OpenDirectory.framework/Versions/A/OpenDirectory
0x00000000144a3000 	/System/Library/PrivateFrameworks/CommonAuth.framework/Versions/A/CommonAuth
0x00000000144a3000 	/System/Library/Frameworks/OpenDirectory.framework/Versions/A/Frameworks/CFOpenDirectory.framework/Versions/A/CFOpenDirectory
0x00000000144a3000 	/System/Library/Frameworks/SecurityFoundation.framework/Versions/A/SecurityFoundation
0x00000000144a3000 	/System/Library/PrivateFrameworks/LanguageModeling.framework/Versions/A/LanguageModeling
0x00000000144a3000 	/usr/lib/libmarisa.dylib
0x00000000144a3000 	/usr/lib/libChineseTokenizer.dylib
0x00000000144a3000 	/usr/lib/libcmph.dylib
0x00000000144a3000 	/System/Library/PrivateFrameworks/CoreEmoji.framework/Versions/A/CoreEmoji
0x00000000144a3000 	/System/Library/Frameworks/ServiceManagement.framework/Versions/A/ServiceManagement
0x00000000144a3000 	/usr/lib/libxslt.1.dylib
0x00000000144a3000 	/System/Library/Frameworks/Carbon.framework/Versions/A/Frameworks/Ink.framework/Versions/A/Ink
0x00000000144a3000 	/System/Library/PrivateFrameworks/TextureIO.framework/Versions/A/TextureIO
0x00000000144a3000 	/System/Library/Frameworks/Metal.framework/Versions/A/Metal
0x00000000144a3000 	/usr/lib/libate.dylib
0x00000000144a3000 	/System/Library/PrivateFrameworks/GPUCompiler.framework/libmetal_timestamp.dylib
0x00000000144a3000 	/System/Library/Frameworks/OpenGL.framework/Versions/A/Libraries/libCoreFSCache.dylib
0x00000000144a3000 	/System/Library/PrivateFrameworks/IOAccelerator.framework/Versions/A/IOAccelerator
0x00000000144a3000 	/System/Library/Frameworks/CoreVideo.framework/Versions/A/CoreVideo
0x00000000144a3000 	/usr/lib/libFosl_dynamic.dylib
0x00000000144a3000 	/System/Library/PrivateFrameworks/MetalPerformanceShaders.framework/Versions/A/MetalPerformanceShaders
0x00000000144a3000 	/System/Library/PrivateFrameworks/FaceCore.framework/Versions/A/FaceCore
0x00000000144a3000 	/System/Library/Frameworks/OpenCL.framework/Versions/A/OpenCL
0x00000000144a3000 	/System/Library/Frameworks/OpenGL.framework/Versions/A/Libraries/libGLU.dylib
0x00000000144a3000 	/System/Library/Frameworks/OpenGL.framework/Versions/A/Libraries/libGFXShared.dylib
0x00000000144a3000 	/System/Library/Frameworks/OpenGL.framework/Versions/A/Libraries/libGL.dylib
0x00000000144a3000 	/System/Library/Frameworks/OpenGL.framework/Versions/A/Libraries/libGLImage.dylib
0x00000000144a3000 	/System/Library/Frameworks/OpenGL.framework/Versions/A/Libraries/libCVMSPluginSupport.dylib
0x00000000144a3000 	/System/Library/Frameworks/OpenGL.framework/Versions/A/Libraries/libCoreVMClient.dylib
0x00000000144a3000 	/System/Library/PrivateFrameworks/CrashReporterSupport.framework/Versions/A/CrashReporterSupport
0x00000000144a3000 	/System/Library/PrivateFrameworks/Sharing.framework/Versions/A/Sharing
0x00000000144a3000 	/System/Library/PrivateFrameworks/IconServices.framework/Versions/A/IconServices
0x00000000144a3000 	/System/Library/PrivateFrameworks/ProtocolBuffer.framework/Versions/A/ProtocolBuffer
0x00000000144a3000 	/System/Library/PrivateFrameworks/Apple80211.framework/Versions/A/Apple80211
0x00000000144a3000 	/System/Library/Frameworks/CoreWLAN.framework/Versions/A/CoreWLAN
0x00000000144a3000 	/System/Library/PrivateFrameworks/CoreUtils.framework/Versions/A/CoreUtils
0x00000000144a3000 	/System/Library/Frameworks/IOBluetooth.framework/Versions/A/IOBluetooth
0x00000000144a3000 	/System/Library/PrivateFrameworks/CoreWiFi.framework/Versions/A/CoreWiFi
0x00000000144a3000 	/System/Library/Frameworks/CoreBluetooth.framework/Versions/A/CoreBluetooth
0x00000000144a3000 	/System/Library/Frameworks/CoreDisplay.framework/Versions/A/CoreDisplay
0x00000000144a3000 	/System/Library/PrivateFrameworks/IOPresentment.framework/Versions/A/IOPresentment
0x00000000144a3000 	/System/Library/PrivateFrameworks/DSExternalDisplay.framework/Versions/A/DSExternalDisplay
0x00000000144a3000 	/System/Library/PrivateFrameworks/DebugSymbols.framework/Versions/A/DebugSymbols
0x00000000144a3000 	/System/Library/PrivateFrameworks/CoreSymbolication.framework/Versions/A/CoreSymbolication
0x00000000144a3000 	/System/Library/PrivateFrameworks/Symbolication.framework/Versions/A/Symbolication
0x00000000144a3000 	/System/Library/PrivateFrameworks/AppleFSCompression.framework/Versions/A/AppleFSCompression
0x00000000144a3000 	/System/Library/PrivateFrameworks/SpeechRecognitionCore.framework/Versions/A/SpeechRecognitionCore
0x00000000144a3000 	/System/Library/PrivateFrameworks/ChunkingLibrary.framework/Versions/A/ChunkingLibrary
0x0000000100844000 	/System/Library/CoreServices/Encodings/libSimplifiedChineseConverter.dylib
0x0000000100888000 	/Library/Java/JavaVirtualMachines/jdk1.8.0_101.jdk/Contents/Home/jre/lib/server/libjvm.dylib
0x00000000144a3000 	/usr/lib/libstdc++.6.dylib
0x0000000101825000 	/Library/Java/JavaVirtualMachines/jdk1.8.0_101.jdk/Contents/Home/jre/lib/libverify.dylib
0x0000000101833000 	/Library/Java/JavaVirtualMachines/jdk1.8.0_101.jdk/Contents/Home/jre/lib/libjava.dylib
0x0000000101869000 	/Library/Java/JavaVirtualMachines/jdk1.8.0_101.jdk/Contents/Home/jre/lib/libjdwp.dylib
0x00000001018b4000 	/Library/Java/JavaVirtualMachines/jdk1.8.0_101.jdk/Contents/Home/jre/lib/libnpt.dylib
0x00000001018b8000 	/Library/Java/JavaVirtualMachines/jdk1.8.0_101.jdk/Contents/Home/jre/lib/libinstrument.dylib
0x0000000101916000 	/Library/Java/JavaVirtualMachines/jdk1.8.0_101.jdk/Contents/Home/jre/lib/libzip.dylib
0x0000000117af1000 	/System/Library/Frameworks/JavaVM.framework/Frameworks/JavaRuntimeSupport.framework/JavaRuntimeSupport
0x0000000117b0b000 	/System/Library/Frameworks/JavaVM.framework/Versions/A/Frameworks/JavaNativeFoundation.framework/Versions/A/JavaNativeFoundation
0x0000000117b20000 	/System/Library/Frameworks/JavaVM.framework/Versions/A/JavaVM
0x00000000144a3000 	/System/Library/Frameworks/Carbon.framework/Versions/A/Carbon
0x0000000101ff4000 	/System/Library/PrivateFrameworks/JavaLaunching.framework/Versions/A/JavaLaunching
0x00000000144a3000 	/System/Library/Frameworks/Carbon.framework/Versions/A/Frameworks/CommonPanels.framework/Versions/A/CommonPanels
0x00000000144a3000 	/System/Library/Frameworks/Carbon.framework/Versions/A/Frameworks/Help.framework/Versions/A/Help
0x00000000144a3000 	/System/Library/Frameworks/Carbon.framework/Versions/A/Frameworks/ImageCapture.framework/Versions/A/ImageCapture
0x00000000144a3000 	/System/Library/Frameworks/Carbon.framework/Versions/A/Frameworks/OpenScripting.framework/Versions/A/OpenScripting
0x00000000144a3000 	/System/Library/Frameworks/Carbon.framework/Versions/A/Frameworks/Print.framework/Versions/A/Print
0x00000000144a3000 	/System/Library/Frameworks/Carbon.framework/Versions/A/Frameworks/SecurityHI.framework/Versions/A/SecurityHI
0x000000011942e000 	/Library/Java/JavaVirtualMachines/jdk1.8.0_101.jdk/Contents/Home/jre/lib/libdt_socket.dylib

VM Arguments:
jvm_args: -agentlib:jdwp=transport=dt_socket,address=127.0.0.1:56198,suspend=y,server=n -javaagent:/Users/admin/Library/Caches/IntelliJIdea2018.1/captureAgent/debugger-agent.jar=file:/private/var/folders/t3/gvt743zs64n_g0j_9bv3ly7h0000gn/T/capture.props -Dfile.encoding=UTF-8 
java_command: leetcode400_500.Solution
java_class_path (initial): /Library/Java/JavaVirtualMachines/jdk1.8.0_101.jdk/Contents/Home/jre/lib/charsets.jar:/Library/Java/JavaVirtualMachines/jdk1.8.0_101.jdk/Contents/Home/jre/lib/deploy.jar:/Library/Java/JavaVirtualMachines/jdk1.8.0_101.jdk/Contents/Home/jre/lib/ext/cldrdata.jar:/Library/Java/JavaVirtualMachines/jdk1.8.0_101.jdk/Contents/Home/jre/lib/ext/dnsns.jar:/Library/Java/JavaVirtualMachines/jdk1.8.0_101.jdk/Contents/Home/jre/lib/ext/jaccess.jar:/Library/Java/JavaVirtualMachines/jdk1.8.0_101.jdk/Contents/Home/jre/lib/ext/jfxrt.jar:/Library/Java/JavaVirtualMachines/jdk1.8.0_101.jdk/Contents/Home/jre/lib/ext/localedata.jar:/Library/Java/JavaVirtualMachines/jdk1.8.0_101.jdk/Contents/Home/jre/lib/ext/nashorn.jar:/Library/Java/JavaVirtualMachines/jdk1.8.0_101.jdk/Contents/Home/jre/lib/ext/sunec.jar:/Library/Java/JavaVirtualMachines/jdk1.8.0_101.jdk/Contents/Home/jre/lib/ext/sunjce_provider.jar:/Library/Java/JavaVirtualMachines/jdk1.8.0_101.jdk/Contents/Home/jre/lib/ext/sunpkcs11.jar:/Library/Java/JavaVirtualMachines/jdk1.8.0_101.jdk/Contents/Home/jre/lib/ext/zipfs.jar:/Library/Java/JavaVirtualMachines/jdk1.8.0_101.jdk/Contents/Home/jre/lib/javaws.jar:/Library/Java/JavaVirtualMachines/jdk1.8.0_101.jdk/Contents/Home/jre/lib/jce.jar:/Library/Java/JavaVirtualMachines/jdk1.8.0_101.jdk/Contents/Home/jre/lib/jfr.jar:/Library/Java/JavaVirtualMachines/jdk1.8.0_101.jdk/Contents/Home/jre/lib/jfxswt.jar:/Library/Java/JavaVirtualMachines/jdk1.8.0_101.jdk/Contents/Home/jre/lib/jsse.jar:/Library/Java/JavaVirtualMachines/jdk1.8.0_101.jdk/Contents/Home/jre/lib/management-agent.jar:/Library/Java/JavaVirtualMachines/jdk1.8.0_101.jdk/Contents/Home/jre/lib/plugin.jar:/Library/Java/JavaVirtualMachines/jdk1.8.0_101.jdk/Contents/Home/jre/lib/resources.jar:/Library/Java/JavaVirtualMachines/jdk1.8.0_101.jdk/Contents/Home/jre/lib/rt.jar:/Library/Java/JavaVirtualMachines/jdk1.8.0_101.jdk/Contents/Home/lib/ant-javafx.jar:/Library/Java/JavaVirtualMachines/jdk1.8.0_101.jdk/Contents/Home
Launcher Type: SUN_STANDARD

Environment Variables:
PATH=/usr/local/bin:/usr/bin:/bin:/usr/sbin:/sbin:/usr/local/go/bin
SHELL=/bin/zsh

Signal Handlers:
SIGSEGV: [libjvm.dylib+0x5af145], sa_mask[0]=11111111011111110111111111111111, sa_flags=SA_ONSTACK|SA_RESTART|SA_SIGINFO
SIGBUS: [libjvm.dylib+0x5af145], sa_mask[0]=11111111011111110111111111111111, sa_flags=SA_RESTART|SA_SIGINFO
SIGFPE: [libjvm.dylib+0x48694c], sa_mask[0]=11111111011111110111111111111111, sa_flags=SA_RESTART|SA_SIGINFO
SIGPIPE: [libjvm.dylib+0x48694c], sa_mask[0]=11111111011111110111111111111111, sa_flags=SA_RESTART|SA_SIGINFO
SIGXFSZ: [libjvm.dylib+0x48694c], sa_mask[0]=11111111011111110111111111111111, sa_flags=SA_RESTART|SA_SIGINFO
SIGILL: [libjvm.dylib+0x48694c], sa_mask[0]=11111111011111110111111111111111, sa_flags=SA_RESTART|SA_SIGINFO
SIGUSR1: SIG_DFL, sa_mask[0]=00000000000000000000000000000000, sa_flags=none
SIGUSR2: [libjvm.dylib+0x48646a], sa_mask[0]=00100000000000000000000000000000, sa_flags=SA_RESTART|SA_SIGINFO
SIGHUP: [libjvm.dylib+0x484a41], sa_mask[0]=11111111011111110111111111111111, sa_flags=SA_RESTART|SA_SIGINFO
SIGINT: [libjvm.dylib+0x484a41], sa_mask[0]=11111111011111110111111111111111, sa_flags=SA_RESTART|SA_SIGINFO
SIGTERM: [libjvm.dylib+0x484a41], sa_mask[0]=11111111011111110111111111111111, sa_flags=SA_RESTART|SA_SIGINFO
SIGQUIT: [libjvm.dylib+0x484a41], sa_mask[0]=11111111011111110111111111111111, sa_flags=SA_RESTART|SA_SIGINFO


---------------  S Y S T E M  ---------------

OS:Bsduname:Darwin 16.7.0 Darwin Kernel Version 16.7.0: Thu Jun 15 17:36:27 PDT 2017; root:xnu-3789.70.16~2/RELEASE_X86_64 x86_64
rlimit: STACK 8192k, CORE 0k, NPROC 709, NOFILE 10240, AS infinity
load average:3.12 3.08 3.10

CPU:total 4 (2 cores per cpu, 2 threads per core) family 6 model 61 stepping 4, cmov, cx8, fxsr, mmx, sse, sse2, sse3, ssse3, sse4.1, sse4.2, popcnt, avx, avx2, aes, clmul, erms, 3dnowpref, lzcnt, ht, tsc, tscinvbit, bmi1, bmi2, adx

Memory: 4k page, physical 8388608k(147476k free)

/proc/meminfo:


vm_info: Java HotSpot(TM) 64-Bit Server VM (25.101-b13) for bsd-amd64 JRE (1.8.0_101-b13), built on Jun 22 2016 02:42:15 by "java_re" with gcc 4.2.1 (Based on Apple Inc. build 5658) (LLVM build 2336.11.00)

time: Wed Sep  5 14:40:11 2018
elapsed time: 10142 seconds (0d 2h 49m 2s)

